<?xml version="1.0" encoding="UTF-8"?>
<!-- Generated by org.testng.reporters.JUnitReportReporter -->
<testsuite hostname="CI0000003928381" name="com.mypackage.francis.TestEmployeeDetails" tests="2" failures="0" timestamp="27 Jan 2016 17:08:02 GMT" time="0.010" errors="0">
  <testcase name="testCalculateYearlySalary" time="0.000" classname="com.mypackage.francis.TestEmployeeDetails"/>
  <testcase name="testCalculateAppriasal" time="0.010" classname="com.mypackage.francis.TestEmployeeDetails"/>
</testsuite> <!-- com.mypackage.francis.TestEmployeeDetails -->
