<?xml version="1.0" encoding="UTF-8"?>
<!-- Generated by org.testng.reporters.JUnitReportReporter -->
<testsuite hostname="Byte-Entrophy.local" name="com.mypackage.francis.TestNGSimpleTest" tests="1" failures="0" timestamp="18 Nov 2017 06:42:01 GMT" time="0.012" errors="0">
  <testcase name="testAdd" time="0.012" classname="com.mypackage.francis.TestNGSimpleTest"/>
</testsuite> <!-- com.mypackage.francis.TestNGSimpleTest -->
