<?xml version="1.0" encoding="UTF-8"?>
<!-- Generated by org.testng.reporters.JUnitReportReporter -->
<testsuite skipped="0" hostname="Byte-Entrophy.local" name="MyConcatenatorTest" tests="1" failures="0" timestamp="30 Nov 2017 03:37:06 GMT" time="0.010" errors="0">
  <testcase name="testConcatanate" time="0.010" classname="MyConcatenatorTest"/>
</testsuite> <!-- MyConcatenatorTest -->
