<?xml version="1.0" encoding="UTF-8"?>
<!-- Generated by org.testng.reporters.JUnitReportReporter -->
<testsuite skipped="0" hostname="Byte-Entrophy.local" name="AnotherSampleTestClass" tests="1" failures="0" timestamp="30 Nov 2017 03:36:08 GMT" time="0.010" errors="0">
  <testcase name="testAdd" time="0.010" classname="AnotherSampleTestClass"/>
</testsuite> <!-- AnotherSampleTestClass -->
